Flow report for 2019510083_Ata_Can_Yaymaci_Lab8_Combined
Sat Jun 26 23:35:17 2021
Quartus II 64-Bit Version 13.0.1 Build 232 06/12/2013 Service Pack 1 SJ Web Edition


---------------------
; Table of Contents ;
---------------------
  1. Legal Notice
  2. Flow Summary
  3. Flow Settings
  4. Flow Non-Default Global Settings
  5. Flow Elapsed Time
  6. Flow OS Summary
  7. Flow Log
  8. Flow Messages
  9. Flow Suppressed Messages



----------------
; Legal Notice ;
----------------
Copyright (C) 1991-2013 Altera Corporation
Your use of Altera Corporation's design tools, logic functions 
and other software and tools, and its AMPP partner logic 
functions, and any output files from any of the foregoing 
(including device programming or simulation files), and any 
associated documentation or information are expressly subject 
to the terms and conditions of the Altera Program License 
Subscription Agreement, Altera MegaCore Function License 
Agreement, or other applicable license agreement, including, 
without limitation, that your use is for the sole purpose of 
programming logic devices manufactured by Altera and sold by 
Altera or its authorized distributors.  Please refer to the 
applicable agreement for further details.



+--------------------------------------------------------------------------------------+
; Flow Summary                                                                         ;
+------------------------------------+-------------------------------------------------+
; Flow Status                        ; Successful - Sat Jun 26 23:35:17 2021           ;
; Quartus II 64-Bit Version          ; 13.0.1 Build 232 06/12/2013 SP 1 SJ Web Edition ;
; Revision Name                      ; 2019510083_Ata_Can_Yaymaci_Lab8_Combined        ;
; Top-level Entity Name              ; 2019510083_Ata_Can_Yaymaci_Deuniac              ;
; Family                             ; Cyclone III                                     ;
; Total logic elements               ; 161 / 5,136 ( 3 % )                             ;
;     Total combinational functions  ; 159 / 5,136 ( 3 % )                             ;
;     Dedicated logic registers      ; 44 / 5,136 ( < 1 % )                            ;
; Total registers                    ; 44                                              ;
; Total pins                         ; 71 / 183 ( 39 % )                               ;
; Total virtual pins                 ; 0                                               ;
; Total memory bits                  ; 426 / 423,936 ( < 1 % )                         ;
; Embedded Multiplier 9-bit elements ; 0 / 46 ( 0 % )                                  ;
; Total PLLs                         ; 0 / 2 ( 0 % )                                   ;
; Device                             ; EP3C5F256C6                                     ;
; Timing Models                      ; Final                                           ;
+------------------------------------+-------------------------------------------------+


+--------------------------------------------------------------+
; Flow Settings                                                ;
+-------------------+------------------------------------------+
; Option            ; Setting                                  ;
+-------------------+------------------------------------------+
; Start date & time ; 06/26/2021 23:35:02                      ;
; Main task         ; Compilation                              ;
; Revision Name     ; 2019510083_Ata_Can_Yaymaci_Lab8_Combined ;
+-------------------+------------------------------------------+


+---------------------------------------------------------------------------------------------------------------------------------------------------------------------------+
; Flow Non-Default Global Settings                                                                                                                                          ;
+-------------------------------------+------------------------------------+------------------------------------------+------------------------------------+----------------+
; Assignment Name                     ; Value                              ; Default Value                            ; Entity Name                        ; Section Id     ;
+-------------------------------------+------------------------------------+------------------------------------------+------------------------------------+----------------+
; COMPILER_SIGNATURE_ID               ; 66504333720597.162473970211416     ; --                                       ; --                                 ; --             ;
; EDA_GENERATE_FUNCTIONAL_NETLIST     ; On                                 ; --                                       ; --                                 ; eda_simulation ;
; EDA_OUTPUT_DATA_FORMAT              ; Verilog Hdl                        ; --                                       ; --                                 ; eda_simulation ;
; EDA_SIMULATION_TOOL                 ; ModelSim-Altera (Verilog)          ; <None>                                   ; --                                 ; --             ;
; IP_TOOL_NAME                        ; LPM_MUX                            ; --                                       ; --                                 ; --             ;
; IP_TOOL_NAME                        ; LPM_MUX                            ; --                                       ; --                                 ; --             ;
; IP_TOOL_NAME                        ; LPM_COUNTER                        ; --                                       ; --                                 ; --             ;
; IP_TOOL_NAME                        ; LPM_COUNTER                        ; --                                       ; --                                 ; --             ;
; IP_TOOL_NAME                        ; LPM_COUNTER                        ; --                                       ; --                                 ; --             ;
; IP_TOOL_NAME                        ; LPM_MUX                            ; --                                       ; --                                 ; --             ;
; IP_TOOL_NAME                        ; LPM_COUNTER                        ; --                                       ; --                                 ; --             ;
; IP_TOOL_NAME                        ; LPM_COUNTER                        ; --                                       ; --                                 ; --             ;
; IP_TOOL_NAME                        ; LPM_MUX                            ; --                                       ; --                                 ; --             ;
; IP_TOOL_NAME                        ; LPM_MUX                            ; --                                       ; --                                 ; --             ;
; IP_TOOL_NAME                        ; LPM_DECODE                         ; --                                       ; --                                 ; --             ;
; IP_TOOL_NAME                        ; LPM_ADD_SUB                        ; --                                       ; --                                 ; --             ;
; IP_TOOL_NAME                        ; ROM: 1-PORT                        ; --                                       ; --                                 ; --             ;
; IP_TOOL_NAME                        ; RAM: 1-PORT                        ; --                                       ; --                                 ; --             ;
; IP_TOOL_NAME                        ; RAM: 1-PORT                        ; --                                       ; --                                 ; --             ;
; IP_TOOL_NAME                        ; LPM_COUNTER                        ; --                                       ; --                                 ; --             ;
; IP_TOOL_VERSION                     ; 13.0                               ; --                                       ; --                                 ; --             ;
; IP_TOOL_VERSION                     ; 13.0                               ; --                                       ; --                                 ; --             ;
; IP_TOOL_VERSION                     ; 13.0                               ; --                                       ; --                                 ; --             ;
; IP_TOOL_VERSION                     ; 13.0                               ; --                                       ; --                                 ; --             ;
; IP_TOOL_VERSION                     ; 13.0                               ; --                                       ; --                                 ; --             ;
; IP_TOOL_VERSION                     ; 13.0                               ; --                                       ; --                                 ; --             ;
; IP_TOOL_VERSION                     ; 13.0                               ; --                                       ; --                                 ; --             ;
; IP_TOOL_VERSION                     ; 13.0                               ; --                                       ; --                                 ; --             ;
; IP_TOOL_VERSION                     ; 13.0                               ; --                                       ; --                                 ; --             ;
; IP_TOOL_VERSION                     ; 13.0                               ; --                                       ; --                                 ; --             ;
; IP_TOOL_VERSION                     ; 13.0                               ; --                                       ; --                                 ; --             ;
; IP_TOOL_VERSION                     ; 13.0                               ; --                                       ; --                                 ; --             ;
; IP_TOOL_VERSION                     ; 13.0                               ; --                                       ; --                                 ; --             ;
; IP_TOOL_VERSION                     ; 13.0                               ; --                                       ; --                                 ; --             ;
; IP_TOOL_VERSION                     ; 13.0                               ; --                                       ; --                                 ; --             ;
; IP_TOOL_VERSION                     ; 13.0                               ; --                                       ; --                                 ; --             ;
; MISC_FILE                           ; ALU_mux0.tdf                       ; --                                       ; --                                 ; --             ;
; MISC_FILE                           ; ALU_mux0.bsf                       ; --                                       ; --                                 ; --             ;
; MISC_FILE                           ; ALU_mux0.inc                       ; --                                       ; --                                 ; --             ;
; MISC_FILE                           ; ALU_mux1.tdf                       ; --                                       ; --                                 ; --             ;
; MISC_FILE                           ; ALU_mux1.bsf                       ; --                                       ; --                                 ; --             ;
; MISC_FILE                           ; ALU_mux1.inc                       ; --                                       ; --                                 ; --             ;
; MISC_FILE                           ; Stack_Pointer.tdf                  ; --                                       ; --                                 ; --             ;
; MISC_FILE                           ; Stack_Pointer.bsf                  ; --                                       ; --                                 ; --             ;
; MISC_FILE                           ; Stack_Pointer.inc                  ; --                                       ; --                                 ; --             ;
; MISC_FILE                           ; Address_Register.tdf               ; --                                       ; --                                 ; --             ;
; MISC_FILE                           ; Address_Register.bsf               ; --                                       ; --                                 ; --             ;
; MISC_FILE                           ; Address_Register.inc               ; --                                       ; --                                 ; --             ;
; MISC_FILE                           ; Program_Counter.tdf                ; --                                       ; --                                 ; --             ;
; MISC_FILE                           ; Program_Counter.bsf                ; --                                       ; --                                 ; --             ;
; MISC_FILE                           ; Program_Counter.inc                ; --                                       ; --                                 ; --             ;
; MISC_FILE                           ; Deuniac_mux0.tdf                   ; --                                       ; --                                 ; --             ;
; MISC_FILE                           ; Deuniac_mux0.bsf                   ; --                                       ; --                                 ; --             ;
; MISC_FILE                           ; Deuniac_mux0.inc                   ; --                                       ; --                                 ; --             ;
; MISC_FILE                           ; Register.tdf                       ; --                                       ; --                                 ; --             ;
; MISC_FILE                           ; Register.bsf                       ; --                                       ; --                                 ; --             ;
; MISC_FILE                           ; Register.inc                       ; --                                       ; --                                 ; --             ;
; MISC_FILE                           ; Instruction_Register.tdf           ; --                                       ; --                                 ; --             ;
; MISC_FILE                           ; Instruction_Register.bsf           ; --                                       ; --                                 ; --             ;
; MISC_FILE                           ; Instruction_Register.inc           ; --                                       ; --                                 ; --             ;
; MISC_FILE                           ; Deuniac_mux1.tdf                   ; --                                       ; --                                 ; --             ;
; MISC_FILE                           ; Deuniac_mux1.bsf                   ; --                                       ; --                                 ; --             ;
; MISC_FILE                           ; Deuniac_mux1.inc                   ; --                                       ; --                                 ; --             ;
; MISC_FILE                           ; Deuniac_mux2.tdf                   ; --                                       ; --                                 ; --             ;
; MISC_FILE                           ; Deuniac_mux2.bsf                   ; --                                       ; --                                 ; --             ;
; MISC_FILE                           ; Deuniac_mux2.inc                   ; --                                       ; --                                 ; --             ;
; MISC_FILE                           ; Deuniac_decode6.tdf                ; --                                       ; --                                 ; --             ;
; MISC_FILE                           ; Deuniac_decode6.bsf                ; --                                       ; --                                 ; --             ;
; MISC_FILE                           ; Deuniac_decode6.inc                ; --                                       ; --                                 ; --             ;
; MISC_FILE                           ; Deuniac_add_sub1.tdf               ; --                                       ; --                                 ; --             ;
; MISC_FILE                           ; Deuniac_add_sub1.bsf               ; --                                       ; --                                 ; --             ;
; MISC_FILE                           ; Deuniac_add_sub1.inc               ; --                                       ; --                                 ; --             ;
; MISC_FILE                           ; InstructionMemory.tdf              ; --                                       ; --                                 ; --             ;
; MISC_FILE                           ; InstructionMemory.bsf              ; --                                       ; --                                 ; --             ;
; MISC_FILE                           ; InstructionMemory.inc              ; --                                       ; --                                 ; --             ;
; MISC_FILE                           ; DataMemory.tdf                     ; --                                       ; --                                 ; --             ;
; MISC_FILE                           ; DataMemory.bsf                     ; --                                       ; --                                 ; --             ;
; MISC_FILE                           ; DataMemory.inc                     ; --                                       ; --                                 ; --             ;
; MISC_FILE                           ; StackMemory.tdf                    ; --                                       ; --                                 ; --             ;
; MISC_FILE                           ; StackMemory.bsf                    ; --                                       ; --                                 ; --             ;
; MISC_FILE                           ; StackMemory.inc                    ; --                                       ; --                                 ; --             ;
; MISC_FILE                           ; Overflow_Register.tdf              ; --                                       ; --                                 ; --             ;
; MISC_FILE                           ; Overflow_Register.bsf              ; --                                       ; --                                 ; --             ;
; MISC_FILE                           ; Overflow_Register.inc              ; --                                       ; --                                 ; --             ;
; PARTITION_COLOR                     ; 16764057                           ; --                                       ; 2019510083_Ata_Can_Yaymaci_Deuniac ; Top            ;
; PARTITION_FITTER_PRESERVATION_LEVEL ; PLACEMENT_AND_ROUTING              ; --                                       ; 2019510083_Ata_Can_Yaymaci_Deuniac ; Top            ;
; PARTITION_NETLIST_TYPE              ; SOURCE                             ; --                                       ; 2019510083_Ata_Can_Yaymaci_Deuniac ; Top            ;
; PROJECT_OUTPUT_DIRECTORY            ; output_files                       ; --                                       ; --                                 ; --             ;
; TOP_LEVEL_ENTITY                    ; 2019510083_Ata_Can_Yaymaci_Deuniac ; 2019510083_Ata_Can_Yaymaci_Lab8_Combined ; --                                 ; --             ;
+-------------------------------------+------------------------------------+------------------------------------------+------------------------------------+----------------+


+-------------------------------------------------------------------------------------------------------------------------------+
; Flow Elapsed Time                                                                                                             ;
+---------------------------+--------------+-------------------------+---------------------+------------------------------------+
; Module Name               ; Elapsed Time ; Average Processors Used ; Peak Virtual Memory ; Total CPU Time (on all processors) ;
+---------------------------+--------------+-------------------------+---------------------+------------------------------------+
; Analysis & Synthesis      ; 00:00:03     ; 1.0                     ; 4594 MB             ; 00:00:03                           ;
; Fitter                    ; 00:00:06     ; 1.0                     ; 4893 MB             ; 00:00:05                           ;
; Assembler                 ; 00:00:00     ; 1.0                     ; 4524 MB             ; 00:00:01                           ;
; TimeQuest Timing Analyzer ; 00:00:02     ; 1.0                     ; 4574 MB             ; 00:00:01                           ;
; EDA Netlist Writer        ; 00:00:01     ; 1.0                     ; 4498 MB             ; 00:00:00                           ;
; Total                     ; 00:00:12     ; --                      ; --                  ; 00:00:10                           ;
+---------------------------+--------------+-------------------------+---------------------+------------------------------------+


+----------------------------------------------------------------------------------------+
; Flow OS Summary                                                                        ;
+---------------------------+------------------+-----------+------------+----------------+
; Module Name               ; Machine Hostname ; OS Name   ; OS Version ; Processor type ;
+---------------------------+------------------+-----------+------------+----------------+
; Analysis & Synthesis      ; DESKTOP-KVIRVD3  ; Windows 7 ; 6.2        ; x86_64         ;
; Fitter                    ; DESKTOP-KVIRVD3  ; Windows 7 ; 6.2        ; x86_64         ;
; Assembler                 ; DESKTOP-KVIRVD3  ; Windows 7 ; 6.2        ; x86_64         ;
; TimeQuest Timing Analyzer ; DESKTOP-KVIRVD3  ; Windows 7 ; 6.2        ; x86_64         ;
; EDA Netlist Writer        ; DESKTOP-KVIRVD3  ; Windows 7 ; 6.2        ; x86_64         ;
+---------------------------+------------------+-----------+------------+----------------+


------------
; Flow Log ;
------------
quartus_map --read_settings_files=on --write_settings_files=off 2019510083_Ata_Can_Yaymaci_Lab8_Combined -c 2019510083_Ata_Can_Yaymaci_Lab8_Combined
quartus_fit --read_settings_files=off --write_settings_files=off 2019510083_Ata_Can_Yaymaci_Lab8_Combined -c 2019510083_Ata_Can_Yaymaci_Lab8_Combined
quartus_asm --read_settings_files=off --write_settings_files=off 2019510083_Ata_Can_Yaymaci_Lab8_Combined -c 2019510083_Ata_Can_Yaymaci_Lab8_Combined
quartus_sta 2019510083_Ata_Can_Yaymaci_Lab8_Combined -c 2019510083_Ata_Can_Yaymaci_Lab8_Combined
quartus_eda --read_settings_files=off --write_settings_files=off 2019510083_Ata_Can_Yaymaci_Lab8_Combined -c 2019510083_Ata_Can_Yaymaci_Lab8_Combined



